Arguments: 
  /Users/jamestrickey/.nvm/versions/node/v16.15.0/bin/node /Users/jamestrickey/.nvm/versions/node/v16.15.0/bin/yarn publish

PATH: 
  /Users/jamestrickey/.pyenv/shims:/Users/jamestrickey/.pyenv/bin:/Users/jamestrickey/.rbenv/shims:/Users/jamestrickey/.rbenv/shims:/Users/jamestrickey/.nvm/versions/node/v16.15.0/bin:/usr/local/opt/ruby/bin:/Users/jamestrickey/platform-tools/:/opt/apache-maven-3.6.3/bin:/opt/homebrew/bin:/opt/homebrew/sbin:/usr/local/bin:/usr/bin:/bin:/usr/sbin:/sbin:/Library/Apple/usr/bin:/Users/jamestrickey/.pyenv/bin:/Users/jamestrickey/.rbenv/shims:/Users/jamestrickey/.nvm/versions/node/v16.15.0/bin:/usr/local/opt/ruby/bin:/Users/jamestrickey/platform-tools/:/opt/apache-maven-3.6.3/bin:/opt/homebrew/bin:/opt/homebrew/sbin:/Users/jamestrickey/Library/Android/sdk/emulator:/Users/jamestrickey/Library/Android/sdk/tools:/Users/jamestrickey/Library/Android/sdk/tools/bin:/Users/jamestrickey/Library/Android/sdk/platform-tools:/Users/jamestrickey/Library/Android/sdk/emulator:/Users/jamestrickey/Library/Android/sdk/tools:/Users/jamestrickey/Library/Android/sdk/tools/bin:/Users/jamestrickey/Library/Android/sdk/platform-tools

Yarn version: 
  1.22.18

Node version: 
  16.15.0

Platform: 
  darwin arm64

Trace: 
  Error: https://registry.yarnpkg.com/-/user/org.couchdb.user:idiosync: failed to authenticate: Could not authenticate idiosync: bad password
      at Request.params.callback [as _callback] (/Users/jamestrickey/.nvm/versions/node/v16.15.0/lib/node_modules/yarn/lib/cli.js:66138:18)
      at Request.self.callback (/Users/jamestrickey/.nvm/versions/node/v16.15.0/lib/node_modules/yarn/lib/cli.js:140883:22)
      at Request.emit (node:events:527:28)
      at Request.<anonymous> (/Users/jamestrickey/.nvm/versions/node/v16.15.0/lib/node_modules/yarn/lib/cli.js:141855:10)
      at Request.emit (node:events:527:28)
      at IncomingMessage.<anonymous> (/Users/jamestrickey/.nvm/versions/node/v16.15.0/lib/node_modules/yarn/lib/cli.js:141777:12)
      at Object.onceWrapper (node:events:641:28)
      at IncomingMessage.emit (node:events:539:35)
      at endReadableNT (node:internal/streams/readable:1345:12)
      at processTicksAndRejections (node:internal/process/task_queues:83:21)

npm manifest: 
  {
    "name": "@idiosync/horizontal-flatlist",
    "version": "1.0.1",
    "description": "Provides the ability to specify number of rows to a horizontal React Native FlatList",
    "main": "index.js",
    "types": "index.d.ts",
    "author": "James Trickey",
    "license": "MIT",
    "keywords": [
      "react",
      "react-native",
      "React Natve",
      "FlatList",
      "horizontal",
      "flatlist",
      "rows"
    ],
    "scripts": {
      "prepare": "yarn build",
      "build": "tsc"
    },
    "peerDependencies": {
      "react": ">16.9.0",
      "react-native": ">0.50.0"
    },
    "dependencies": {
      "lodash.chunk": "^4.2.0"
    },
    "devDependencies": {
      "@types/react": ">16",
      "@types/react-native": ">0.50.0",
      "prettier": "^2.7.1",
      "typescript": "^4.4.4"
    }
  }

yarn manifest: 
  No manifest

Lockfile: 
  # THIS IS AN AUTOGENERATED FILE. DO NOT EDIT THIS FILE DIRECTLY.
  # yarn lockfile v1
  
  
  "@types/prop-types@*":
    version "15.7.5"
    resolved "https://registry.yarnpkg.com/@types/prop-types/-/prop-types-15.7.5.tgz#5f19d2b85a98e9558036f6a3cacc8819420f05cf"
    integrity sha512-JCB8C6SnDoQf0cNycqd/35A7MjcnK+ZTqE7judS6o7utxUCg6imJg3QK2qzHKszlTjcj2cn+NwMB2i96ubpj7w==
  
  "@types/react-native@>0.50.0":
    version "0.69.5"
    resolved "https://registry.yarnpkg.com/@types/react-native/-/react-native-0.69.5.tgz#7709fdbff031a5ecf1956705e6c4a07cdfe6867c"
    integrity sha512-mSUCuGUsW2kJlZiu4GmdYVDKZX/52iyC9rm6dxAmflJj1b7kSO/CMSDy5WbcfS8QerxTqbYGTrIwHD0GnXHzbQ==
    dependencies:
      "@types/react" "*"
  
  "@types/react@*", "@types/react@>16":
    version "18.0.17"
    resolved "https://registry.yarnpkg.com/@types/react/-/react-18.0.17.tgz#4583d9c322d67efe4b39a935d223edcc7050ccf4"
    integrity sha512-38ETy4tL+rn4uQQi7mB81G7V1g0u2ryquNmsVIOKUAEIDK+3CUjZ6rSRpdvS99dNBnkLFL83qfmtLacGOTIhwQ==
    dependencies:
      "@types/prop-types" "*"
      "@types/scheduler" "*"
      csstype "^3.0.2"
  
  "@types/scheduler@*":
    version "0.16.2"
    resolved "https://registry.yarnpkg.com/@types/scheduler/-/scheduler-0.16.2.tgz#1a62f89525723dde24ba1b01b092bf5df8ad4d39"
    integrity sha512-hppQEBDmlwhFAXKJX2KnWLYu5yMfi91yazPb2l+lbJiwW+wdo1gNeRA+3RgNSO39WYX2euey41KEwnqesU2Jew==
  
  csstype@^3.0.2:
    version "3.1.0"
    resolved "https://registry.yarnpkg.com/csstype/-/csstype-3.1.0.tgz#4ddcac3718d787cf9df0d1b7d15033925c8f29f2"
    integrity sha512-uX1KG+x9h5hIJsaKR9xHUeUraxf8IODOwq9JLNPq6BwB04a/xgpq3rcx47l5BZu5zBPlgD342tdke3Hom/nJRA==
  
  lodash.chunk@^4.2.0:
    version "4.2.0"
    resolved "https://registry.yarnpkg.com/lodash.chunk/-/lodash.chunk-4.2.0.tgz#66e5ce1f76ed27b4303d8c6512e8d1216e8106bc"
    integrity sha512-ZzydJKfUHJwHa+hF5X66zLFCBrWn5GeF28OHEr4WVWtNDXlQ/IjWKPBiikqKo2ne0+v6JgCgJ0GzJp8k8bHC7w==
  
  prettier@^2.7.1:
    version "2.7.1"
    resolved "https://registry.yarnpkg.com/prettier/-/prettier-2.7.1.tgz#e235806850d057f97bb08368a4f7d899f7760c64"
    integrity sha512-ujppO+MkdPqoVINuDFDRLClm7D78qbDt0/NR+wp5FqEZOoTNAjPHWj17QRhu7geIHJfcNhRk1XVQmF8Bp3ye+g==
  
  typescript@^4.4.4:
    version "4.7.4"
    resolved "https://registry.yarnpkg.com/typescript/-/typescript-4.7.4.tgz#1a88596d1cf47d59507a1bcdfb5b9dfe4d488235"
    integrity sha512-C0WQT0gezHuw6AdY1M2jxUO83Rjf0HP7Sk1DtXj6j1EwkQNZrHAg2XPWlq62oqEhYvONq5pkC2Y9oPljWToLmQ==
